<?xml version="1.0" encoding="UTF-8"?>
<testsuite xmlns:xsi="http://www.w3.org/2001/XMLSchema-instance" xsi:noNamespaceSchemaLocation="https://maven.apache.org/surefire/maven-surefire-plugin/xsd/surefire-test-report.xsd" name="LoginTest" time="2.058" tests="3" errors="0" skipped="0" failures="0">
  <properties>
[...]
</properties>
  <testcase name="emptyFieldLoginCourier" classname="LoginTest" time="0.192"/>
  <testcase name="LoginCourier" classname="LoginTest" time="1.511"/>
  <testcase name="invalidLoginCourier" classname="LoginTest" time="0.328"/>
</testsuite>